android/app/build/outputs/mapping/release/seeds.txt
com.nexustvguide.app.ui.MainActivity
com.nexustvguide.app.NexusTVGuideApp
com.nexustvguide.app.ui.NexusProgramGuideFragment
com.nexustvguide.app.data.api.GuideApiService
com.nexustvguide.app.util.NlzietRelayActivity
com.nexustvguide.app.data.model.NlzietProgrammeTargetDto: android.os.Parcelable$Creator CREATOR
com.nexustvguide.app.data.model.ProgrammeDto: android.os.Parcelable$Creator CREATOR
com.nexustvguide.app.util.NlzietRelayActivity: NlzietRelayActivity()
com.nexustvguide.app.ui.GuideViewModel: GuideViewModel(android.app.Application)
com.nexustvguide.app.NexusTVGuideApp: NexusTVGuideApp()
com.nexustvguide.app.ui.MainActivity: MainActivity()
com.nexustvguide.app.data.api.GuideApiService: java.lang.Object getGuideForDate(java.lang.String,java.lang.String,kotlin.coroutines.Continuation)
com.nexustvguide.app.ui.NexusProgramGuideFragment: NexusProgramGuideFragment()
...
androidx.leanback.transition.SlideNoPropagation
androidx.appcompat.view.menu.ExpandedMenuView
androidx.leanback.widget.BrowseFrameLayout
android.support.v4.media.MediaBrowserCompat$SearchResultReceiver
androidx.appcompat.widget.ViewStubCompat
androidx.versionedparcelable.CustomVersionedParcelable
androidx.leanback.transition.FadeAndShortSlide
android.support.v4.media.MediaBrowserCompat$ItemReceiver
androidx.core.app.CoreComponentFactory
androidx.appcompat.app.AlertController$RecycleListView
androidx.profileinstaller.ProfileInstallReceiver
androidx.appcompat.widget.ContentFrameLayout
androidx.appcompat.widget.SearchView$SearchAutoComplete
androidx.emoji2.text.EmojiCompatInitializer
androidx.leanback.widget.NonOverlappingLinearLayout
kotlin.coroutines.jvm.internal.BaseContinuationImpl
androidx.appcompat.view.menu.ListMenuItemView
androidx.appcompat.widget.ActionBarContainer
okhttp3.internal.publicsuffix.PublicSuffixDatabase
android.support.v4.media.session.MediaControllerCompat$MediaControllerImplApi21$ExtraBinderRequestResultReceiver
androidx.media.AudioAttributesCompat
com.egeniq.androidtvprogramguide.timeline.ProgramGuideTimelineGridView$1
androidx.leanback.widget.VerticalGridView
androidx.leanback.widget.SearchEditText
com.bumptech.glide.load.ImageHeaderParser$ImageType
android.support.v4.media.session.MediaSessionCompat$QueueItem
kotlinx.coroutines.sync.MutexImpl: java.lang.Object owner$volatile
kotlinx.coroutines.JobSupport: java.lang.Object _parentHandle$volatile
com.egeniq.androidtvprogramguide.timeline.ProgramGuideTimelineRow$SavedState: android.os.Parcelable$Creator CREATOR
com.bumptech.glide.load.ImageHeaderParser$ImageType: com.bumptech.glide.load.ImageHeaderParser$ImageType PNG
android.support.v4.media.MediaDescriptionCompat: android.os.Parcelable$Creator CREATOR
android.support.v4.media.session.ParcelableVolumeInfo: android.os.Parcelable$Creator CREATOR
kotlinx.coroutines.DefaultExecutor: java.lang.Thread _thread
androidx.fragment.app.FragmentManager$LaunchedFragmentInfo: android.os.Parcelable$Creator CREATOR
kotlinx.coroutines.scheduling.CoroutineScheduler: long controlState$volatile
kotlinx.coroutines.internal.DispatchedContinuation: java.lang.Object _reusableCancellableContinuation$volatile
kotlinx.coroutines.sync.SemaphoreImpl: java.lang.Object head$volatile
kotlinx.coroutines.EventLoopImplBase: java.lang.Object _delayed$volatile
kotlinx.coroutines.internal.ThreadSafeHeap: int _size$volatile
androidx.concurrent.futures.AbstractResolvableFuture: androidx.concurrent.futures.AbstractResolvableFuture$Waiter waiters
android.support.v4.media.session.MediaSessionCompat$Token: android.os.Parcelable$Creator CREATOR
androidx.recyclerview.widget.StaggeredGridLayoutManager$LazySpanLookup$FullSpanItem: android.os.Parcelable$Creator CREATOR
androidx.lifecycle.ProcessLifecycleOwner$attach$1$onActivityPreCreated$1: androidx.lifecycle.ProcessLifecycleOwner this$0
kotlinx.coroutines.CancellableContinuationImpl: int _decisionAndIndex$volatile
kotlinx.coroutines.DispatchedCoroutine: int _decision$volatile
com.bumptech.glide.load.ImageHeaderParser$ImageType: com.bumptech.glide.load.ImageHeaderParser$ImageType RAW
kotlinx.coroutines.UndispatchedCoroutine: boolean threadLocalIsSet
androidx.concurrent.futures.AbstractResolvableFuture: androidx.concurrent.futures.AbstractResolvableFuture$Listener listeners
androidx.leanback.widget.GridLayoutManager$SavedState: android.os.Parcelable$Creator CREATOR
kotlinx.coroutines.DefaultExecutor: int debugStatus
kotlinx.coroutines.scheduling.CoroutineScheduler$Worker: java.lang.Object nextParkedWorker
androidx.versionedparcelable.ParcelImpl: android.os.Parcelable$Creator CREATOR
kotlinx.coroutines.internal.AtomicOp: java.lang.Object _consensus$volatile
androidx.lifecycle.Lifecycle$Event: androidx.lifecycle.Lifecycle$Event[] $VALUES
kotlinx.coroutines.CancellableContinuationImpl: java.lang.Object _parentHandle$volatile
androidx.lifecycle.Lifecycle$Event: androidx.lifecycle.Lifecycle$Event ON_DESTROY