android/app/build/outputs/mapping/release/mapping.txt
# compiler: R8
# compiler_version: 8.5.35
# min_api: 21
# common_typos_disable
# {"id":"com.android.tools.r8.mapping","version":"2.2"}
# pg_map_id: 59bc99c
# pg_map_hash: SHA-256 59bc99cfd16b5e8d9c20f1633642d633cf3587709e55b0edfe8d94752a7ef57c
com.nexustvguide.app.NexusTVGuideApp -> com.nexustvguide.app.NexusTVGuideApp:
# {"id":"sourceFile","fileName":"NexusTVGuideApp.kt"}
    4:17:void com.jakewharton.threetenabp.AndroidThreeTen.init(android.content.Context,java.lang.String):0:0 -> onCreate
    4:17:void com.jakewharton.threetenabp.AndroidThreeTen.init(android.content.Context):0 -> onCreate
    4:17:void com.jakewharton.threetenabp.AndroidThreeTen.init(android.app.Application):0 -> onCreate
    4:17:void onCreate():0 -> onCreate
    18:28:void org.threeten.bp.zone.ZoneRulesInitializer.setInitializer(org.threeten.bp.zone.ZoneRulesInitializer):0:0 -> onCreate
    18:28:void com.jakewharton.threetenabp.AndroidThreeTen.init(android.content.Context,java.lang.String):0 -> onCreate
    18:28:void com.jakewharton.threetenabp.AndroidThreeTen.init(android.content.Context):0 -> onCreate
    18:28:void com.jakewharton.threetenabp.AndroidThreeTen.init(android.app.Application):0 -> onCreate
    18:28:void onCreate():0 -> onCreate
    29:42:boolean java.util.concurrent.atomic.AtomicReference.compareAndSet(java.lang.Object,java.lang.Object):0:0 -> onCreate
    29:42:void org.threeten.bp.zone.ZoneRulesInitializer.setInitializer(org.threeten.bp.zone.ZoneRulesInitializer):0 -> onCreate
    29:42:void com.jakewharton.threetenabp.AndroidThreeTen.init(android.content.Context,java.lang.String):0 -> onCreate
    29:42:void com.jakewharton.threetenabp.AndroidThreeTen.init(android.content.Context):0 -> onCreate
com.nexustvguide.app.data.api.GuideApiService -> Z0.a:
# {"id":"sourceFile","fileName":"GuideApiService.kt"}
    java.lang.Object getGuideForDate(java.lang.String,java.lang.String,kotlin.coroutines.Continuation) -> a
      # {"id":"com.android.tools.r8.residualsignature","signature":"(Ljava/lang/String;Ljava/lang/String;Lh1/d;)Ljava/lang/Object;"}
com.nexustvguide.app.data.model.GuideResponseDto -> a1.a:
# {"id":"sourceFile","fileName":"GuideResponseDto.kt"}
    java.lang.reflect.Method androidx.core.graphics.drawable.DrawableCompat.sSetLayoutDirectionMethod -> a
    boolean androidx.core.graphics.drawable.DrawableCompat.sSetLayoutDirectionMethodFetched -> b
    java.lang.reflect.Method androidx.core.graphics.drawable.DrawableCompat.sGetLayoutDirectionMethod -> c
    boolean androidx.core.graphics.drawable.DrawableCompat.sGetLayoutDirectionMethodFetched -> d
    long androidx.tracing.Trace.sTraceTagApp -> e
    java.lang.reflect.Method androidx.tracing.Trace.sIsTagEnabledMethod -> f
    1:9:void androidx.core.graphics.TypefaceCompatBaseImpl.<init>():0:0 -> <init>
    18:46:long org.threeten.bp.jdk8.Jdk8Methods.safeAdd(long,long):0:0 -> A
    2:82:long org.threeten.bp.jdk8.Jdk8Methods.safeMultiply(long,int):0:0 -> B
      # {"id":"com.android.tools.r8.residualsignature","signature":"(IJ)J"}
    26:81:long org.threeten.bp.jdk8.Jdk8Methods.safeMultiply(long,long):0:0 -> C
    12:17:int org.threeten.bp.jdk8.Jdk8Methods.safeSubtract(int,int):0:0 -> D
    12:17:int a1.GuideResponseDto.safeSubtract(int):0 -> D
      # {"id":"com.android.tools.r8.synthesized"}
    18:21:int a1.GuideResponseDto.safeSubtract(int):0:0 -> D
    22:26:int org.threeten.bp.jdk8.Jdk8Methods.safeSubtract(int,int):0:0 -> D
    22:26:int a1.GuideResponseDto.safeSubtract(int):0 -> D
...
com.bumptech.glide.load.data.AssetPathFetcher -> com.bumptech.glide.load.data.b:
# {"id":"sourceFile","fileName":"AssetPathFetcher.java"}
    int $r8$classId -> a
      # {"id":"com.android.tools.r8.synthesized"}
    java.lang.Object data -> b
    java.lang.String assetPath -> c
      # {"id":"com.android.tools.r8.residualsignature","signature":"Ljava/lang/Comparable;"}
    android.content.res.AssetManager assetManager -> d
      # {"id":"com.android.tools.r8.residualsignature","signature":"Ljava/lang/Object;"}
    1:1:void <init>(int,java.lang.Comparable,java.lang.Object):0:0 -> <init>
      # {"id":"com.android.tools.r8.synthesized"}
    6:13:void com.bumptech.glide.load.data.LocalUriFetcher.cleanup():0:0 -> a
    14:22:void cleanup():0:0 -> a
    1:1:int getDataSource():0:0 -> c
      # {"id":"com.android.tools.r8.synthesized"}
    1:1:void cancel():0:0 -> cancel
      # {"id":"com.android.tools.r8.synthesized"}
    6:42:void com.bumptech.glide.load.data.LocalUriFetcher.loadData(com.bumptech.glide.Priority,com.bumptech.glide.load.data.DataFetcher$DataCallback):0:0 -> d
      # {"id":"com.android.tools.r8.residualsignature","signature":"(Lcom/bumptech/glide/g;Lcom/bumptech/glide/load/data/d;)V"}
    43:80:void loadData(com.bumptech.glide.Priority,com.bumptech.glide.load.data.DataFetcher$DataCallback):0:0 -> d
    1:1:void cancel():0:0 -> e
    1:1:void com.bumptech.glide.load.data.LocalUriFetcher.cancel():0:0 -> f
    void close(java.lang.Object) -> g
com.bumptech.glide.load.data.BufferedOutputStream -> com.bumptech.glide.load.data.c:
# {"id":"sourceFile","fileName":"BufferedOutputStream.java"}
    java.io.OutputStream out -> a
    byte[] buffer -> b
    com.bumptech.glide.load.engine.bitmap_recycle.ArrayPool arrayPool -> c
      # {"id":"com.android.tools.r8.residualsignature","signature":"Lp0/g;"}
    int index -> d
    1:20:void <init>(java.io.OutputStream,com.bumptech.glide.load.engine.bitmap_recycle.ArrayPool,int):0:0 -> <init>
    1:20:void <init>(java.io.OutputStream,com.bumptech.glide.load.engine.bitmap_recycle.ArrayPool):0 -> <init>
      # {"id":"com.android.tools.r8.residualsignature","signature":"(Ljava/io/FileOutputStream;Lp0/g;)V"}
    9:22:void release():0:0 -> close
    9:22:void close():0 -> close
    23:26:void close():0:0 -> close
    1:14:void flushBuffer():0:0 -> flush
    1:14:void flush():0 -> flush
    15:18:void flush():0:0 -> flush
    1:1:void maybeFlushBuffer():0:0 -> write
    1:1:void write(int):0 -> write
    2:2:void flushBuffer():0:0 -> write
    2:2:void maybeFlushBuffer():0 -> write
    2:2:void write(int):0 -> write
    3:3:void write(byte[]):0:0 -> write
    4:4:void maybeFlushBuffer():0:0 -> write
    4:4:void write(byte[],int,int):0 -> write
    5:5:void flushBuffer():0:0 -> write
    5:5:void maybeFlushBuffer():0 -> write
    5:5:void write(byte[],int,int):0 -> write
com.bumptech.glide.load.data.DataFetcher -> com.bumptech.glide.load.data.e:
# {"id":"sourceFile","fileName":"DataFetcher.java"}
    void cleanup() -> a
    java.lang.Class getDataClass() -> b
    com.bumptech.glide.load.DataSource getDataSource() -> c
      # {"id":"com.android.tools.r8.residualsignature","signature":"()I"}
    void loadData(com.bumptech.glide.Priority,com.bumptech.glide.load.data.DataFetcher$DataCallback) -> d
      # {"id":"com.android.tools.r8.residualsignature","signature":"(Lcom/bumptech/glide/g;Lcom/bumptech/glide/load/data/d;)V"}
com.bumptech.glide.load.data.DataFetcher$DataCallback -> com.bumptech.glide.load.data.d:
# {"id":"sourceFile","fileName":"DataFetcher.java"}
    void onLoadFailed(java.lang.Exception) -> k
    void onDataReady(java.lang.Object) -> p
com.bumptech.glide.load.data.DataRewinder -> com.bumptech.glide.load.data.g:
# {"id":"sourceFile","fileName":"DataRewinder.java"}
    void cleanup() -> a
    java.lang.Object rewindAndGet() -> d