android/app/build/outputs/mapping/release/usage.txt
com.nexustvguide.app.BuildConfig
com.nexustvguide.app.R$color
com.nexustvguide.app.R$drawable
com.nexustvguide.app.R$id:
    private void <init>()
com.nexustvguide.app.R$layout:
    private void <init>()
com.nexustvguide.app.R$mipmap
com.nexustvguide.app.R$string:
    public static int app_name
    public static int error_loading
    public static int guide_title
    public static int loading_guide
    public static int nlziet_open_play_store
    public static int nlziet_opening_app
    public static int programguide_button_jump_to_live
    public static int programguide_content_description_channel_logo
    public static int programguide_content_description_dropdown_icon
    public static int programguide_content_description_large_thumbnail
    public static int programguide_day_selector_title
    public static int programguide_day_time_selector_title
    public static int programguide_day_today
    public static int programguide_day_tomorrow
    public static int programguide_day_yesterday
    public static int programguide_error_fetching_content
    public static int programguide_part_of_day_afternoon
    public static int programguide_part_of_day_evening
    public static int programguide_part_of_day_morning
    public static int programguide_title_no_program
    public static int stale_data_notice
    private void <init>()
com.nexustvguide.app.R$style
com.nexustvguide.app.R$xml
com.nexustvguide.app.R
com.nexustvguide.app.data.api.ApiClient:
    private static final java.lang.String KEY_BASE_URL
    private static final java.lang.String PREFS_NAME
    public final void setBaseUrl(android.content.Context,java.lang.String)
com.nexustvguide.app.data.api.GuideApiService$DefaultImpls
com.nexustvguide.app.data.api.GuideApiService:
    public abstract java.lang.Object getChannels(kotlin.coroutines.Continuation)
    public abstract java.lang.Object getGuideForRange(java.lang.String,java.lang.String,java.lang.String,kotlin.coroutines.Continuation)
com.nexustvguide.app.data.model.ChannelDto:
    private final java.lang.String id
    private final boolean inNlziet
    private final java.lang.String logoUrl
    private final java.lang.String name
    private final java.lang.String nlzietSlug
    private final int sortOrder
    private final java.lang.String sourceId
    public void <init>(java.lang.String,java.lang.String,java.lang.String,java.lang.String,boolean,java.lang.String,int)
    public final java.lang.String component1()
    public final java.lang.String component2()
    public final java.lang.String component3()
    public final java.lang.String component4()
    public final boolean component5()
    public final java.lang.String component6()
    public final int component7()
    public final com.nexustvguide.app.data.model.ChannelDto copy(java.lang.String,java.lang.String,java.lang.String,java.lang.String,boolean,java.lang.String,int)
    public static synthetic com.nexustvguide.app.data.model.ChannelDto copy$default(com.nexustvguide.app.data.model.ChannelDto,java.lang.String,java.lang.String,java.lang.String,java.lang.String,boolean,java.lang.String,int,int,java.lang.Object)
    public boolean equals(java.lang.Object)
    public final boolean getInNlziet()
    public final java.lang.String getNlzietSlug()
    public final int getSortOrder()
    public final java.lang.String getSourceId()
    public int hashCode()
    public java.lang.String toString()
...
androidx.appcompat.widget.ActionBarOverlayLayout$LayoutParams:
    public void <init>(android.view.ViewGroup$MarginLayoutParams)
androidx.appcompat.widget.ActionBarOverlayLayout:
    private static final int ACTION_BAR_ANIMATE_DELAY
    private static final java.lang.String TAG
    public void <init>(android.content.Context)
    public boolean hasIcon()
    public boolean hasLogo()
    public boolean isHideOnContentScrollEnabled()
    public void restoreToolbarHierarchyState(android.util.SparseArray)
    public void saveToolbarHierarchyState(android.util.SparseArray)
androidx.appcompat.widget.ActionMenuPresenter$SavedState$1
androidx.appcompat.widget.ActionMenuPresenter$SavedState
androidx.appcompat.widget.ActionMenuPresenter:
    private static final java.lang.String TAG
    public boolean isOverflowReserved()
    public void onRestoreInstanceState(android.os.Parcelable)
    public android.os.Parcelable onSaveInstanceState()
    public void onSubUiVisibilityChanged(boolean)
    public void setItemLimit(int)
    public void setWidthLimit(int,boolean)
androidx.appcompat.widget.ActionMenuView$LayoutParams:
    void <init>(int,int,boolean)
androidx.appcompat.widget.ActionMenuView:
    static final int GENERATED_ITEM_PADDING
    static final int MIN_CELL_SIZE
    private static final java.lang.String TAG
androidx.appcompat.widget.ActivityChooserModel$ActivityChooserModelClient
androidx.appcompat.widget.ActivityChooserModel$ActivityResolveInfo
androidx.appcompat.widget.ActivityChooserModel$ActivitySorter
androidx.appcompat.widget.ActivityChooserModel$DefaultSorter
androidx.appcompat.widget.ActivityChooserModel$HistoricalRecord
androidx.appcompat.widget.ActivityChooserModel$OnChooseActivityListener
androidx.appcompat.widget.ActivityChooserModel$PersistHistoryAsyncTask
androidx.appcompat.widget.ActivityChooserModel
androidx.appcompat.widget.ActivityChooserView$1
androidx.appcompat.widget.ActivityChooserView$2
androidx.appcompat.widget.ActivityChooserView$3
androidx.appcompat.widget.ActivityChooserView$4
androidx.appcompat.widget.ActivityChooserView$5
androidx.appcompat.widget.ActivityChooserView$ActivityChooserViewAdapter
androidx.appcompat.widget.ActivityChooserView$Callbacks
androidx.appcompat.widget.ActivityChooserView
androidx.appcompat.widget.AlertDialogLayout:
    public void <init>(android.content.Context)
androidx.appcompat.widget.AppCompatAutoCompleteTextView$InspectionCompanion
androidx.appcompat.widget.AppCompatAutoCompleteTextView:
    public void <init>(android.content.Context)
    public boolean isEmojiCompatEnabled()
androidx.appcompat.widget.AppCompatButton$InspectionCompanion$1
androidx.appcompat.widget.AppCompatButton$InspectionCompanion
androidx.appcompat.widget.AppCompatButton:
    public void <init>(android.content.Context)
    public boolean isEmojiCompatEnabled()
androidx.appcompat.widget.AppCompatCheckBox$InspectionCompanion
androidx.appcompat.widget.AppCompatCheckBox:
    public void <init>(android.content.Context)
    public boolean isEmojiCompatEnabled()
androidx.appcompat.widget.AppCompatCheckedTextView$InspectionCompanion
androidx.appcompat.widget.AppCompatCheckedTextView:
    public void <init>(android.content.Context)
    public boolean isEmojiCompatEnabled()
androidx.appcompat.widget.AppCompatDrawableManager:
    private static final boolean DEBUG
    private static final java.lang.String TAG
    public synchronized void onConfigurationChanged(android.content.Context)
    synchronized android.graphics.drawable.Drawable onDrawableLoadedFromResources(android.content.Context,androidx.appcompat.widget.VectorEnabledTintResources,int)
    boolean tintDrawableUsingColorFilter(android.content.Context,int,android.graphics.drawable.Drawable)
androidx.appcompat.widget.AppCompatEditText$InspectionCompanion
androidx.appcompat.widget.AppCompatEditText:
    public void <init>(android.content.Context)
    public boolean isEmojiCompatEnabled()